<?xml version="1.0" encoding="UTF-8"?>
<Site BuildName="Linux-clang++-14"
	BuildStamp="20240203-2001-Experimental"
	Name="pingvinus"
	Generator="ctest-3.22.1"
	CompilerName="/usr/bin/clang++-14"
	CompilerVersion="14.0.0"
	OSName="Linux"
	Hostname="pingvinus"
	OSRelease="6.1.0-1029-oem"
	OSVersion="#29-Ubuntu SMP PREEMPT_DYNAMIC Tue Jan  9 21:07:34 UTC 2024"
	OSPlatform="x86_64"
	Is64Bits="1"
	VendorString="GenuineIntel"
	VendorID="Intel Corporation"
	FamilyID="6"
	ModelID="154"
	ProcessorCacheSize="24576"
	NumberOfLogicalCPU="20"
	NumberOfPhysicalCPU="14"
	TotalVirtualMemory="3905"
	TotalPhysicalMemory="31787"
	LogicalProcessorsPerPhysical="1"
	ProcessorClockFrequency="3888.71"
	>
	<Testing>
		<StartDateTime>Feb 03 23:01 MSK</StartDateTime>
		<StartTestTime>1706990504</StartTestTime>
		<TestList/>
		<EndDateTime>Feb 03 23:01 MSK</EndDateTime>
		<EndTestTime>1706990504</EndTestTime>
		<ElapsedMinutes>0</ElapsedMinutes>
	</Testing>
</Site>
